==========================================
SLURM_JOB_ID = 2449
SLURM_NODELIST = node02
SLURM_JOB_GPUS = 
==========================================
/tmp/ccQG95h1.o: In function `std::vector<std::vector<int, std::allocator<int> >, std::allocator<std::vector<int, std::allocator<int> > > >::_M_fill_insert(__gnu_cxx::__normal_iterator<std::vector<int, std::allocator<int> >*, std::vector<std::vector<int, std::allocator<int> >, std::allocator<std::vector<int, std::allocator<int> > > > >, unsigned long, std::vector<int, std::allocator<int> > const&)':
Q5.cpp:(.text._ZNSt6vectorIS_IiSaIiEESaIS1_EE14_M_fill_insertEN9__gnu_cxx17__normal_iteratorIPS1_S3_EEmRKS1_[_ZNSt6vectorIS_IiSaIiEESaIS1_EE14_M_fill_insertEN9__gnu_cxx17__normal_iteratorIPS1_S3_EEmRKS1_]+0x538): undefined reference to `__cxa_begin_catch'
Q5.cpp:(.text._ZNSt6vectorIS_IiSaIiEESaIS1_EE14_M_fill_insertEN9__gnu_cxx17__normal_iteratorIPS1_S3_EEmRKS1_[_ZNSt6vectorIS_IiSaIiEESaIS1_EE14_M_fill_insertEN9__gnu_cxx17__normal_iteratorIPS1_S3_EEmRKS1_]+0x5e6): undefined reference to `__cxa_rethrow'
Q5.cpp:(.text._ZNSt6vectorIS_IiSaIiEESaIS1_EE14_M_fill_insertEN9__gnu_cxx17__normal_iteratorIPS1_S3_EEmRKS1_[_ZNSt6vectorIS_IiSaIiEESaIS1_EE14_M_fill_insertEN9__gnu_cxx17__normal_iteratorIPS1_S3_EEmRKS1_]+0x5ee): undefined reference to `__cxa_end_catch'
/tmp/ccQG95h1.o: In function `std::vector<std::vector<int, std::allocator<int> >, std::allocator<std::vector<int, std::allocator<int> > > >::_M_check_len(unsigned long, char const*) const':
Q5.cpp:(.text._ZNKSt6vectorIS_IiSaIiEESaIS1_EE12_M_check_lenEmPKc[_ZNKSt6vectorIS_IiSaIiEESaIS1_EE12_M_check_lenEmPKc]+0x4c): undefined reference to `std::__throw_length_error(char const*)'
/tmp/ccQG95h1.o: In function `__gnu_cxx::new_allocator<std::vector<int, std::allocator<int> > >::deallocate(std::vector<int, std::allocator<int> >*, unsigned long)':
Q5.cpp:(.text._ZN9__gnu_cxx13new_allocatorISt6vectorIiSaIiEEE10deallocateEPS3_m[_ZN9__gnu_cxx13new_allocatorISt6vectorIiSaIiEEE10deallocateEPS3_m]+0x1c): undefined reference to `operator delete(void*)'
/tmp/ccQG95h1.o: In function `__gnu_cxx::new_allocator<int>::deallocate(int*, unsigned long)':
Q5.cpp:(.text._ZN9__gnu_cxx13new_allocatorIiE10deallocateEPim[_ZN9__gnu_cxx13new_allocatorIiE10deallocateEPim]+0x1c): undefined reference to `operator delete(void*)'
/tmp/ccQG95h1.o: In function `std::vector<int, std::allocator<int> >* std::__uninitialized_fill_n<false>::__uninit_fill_n<std::vector<int, std::allocator<int> >*, unsigned long, std::vector<int, std::allocator<int> > >(std::vector<int, std::allocator<int> >*, unsigned long, std::vector<int, std::allocator<int> > const&)':
Q5.cpp:(.text._ZNSt22__uninitialized_fill_nILb0EE15__uninit_fill_nIPSt6vectorIiSaIiEEmS4_EET_S6_T0_RKT1_[_ZNSt22__uninitialized_fill_nILb0EE15__uninit_fill_nIPSt6vectorIiSaIiEEmS4_EET_S6_T0_RKT1_]+0x58): undefined reference to `__cxa_begin_catch'
Q5.cpp:(.text._ZNSt22__uninitialized_fill_nILb0EE15__uninit_fill_nIPSt6vectorIiSaIiEEmS4_EET_S6_T0_RKT1_[_ZNSt22__uninitialized_fill_nILb0EE15__uninit_fill_nIPSt6vectorIiSaIiEEmS4_EET_S6_T0_RKT1_]+0x70): undefined reference to `__cxa_rethrow'
Q5.cpp:(.text._ZNSt22__uninitialized_fill_nILb0EE15__uninit_fill_nIPSt6vectorIiSaIiEEmS4_EET_S6_T0_RKT1_[_ZNSt22__uninitialized_fill_nILb0EE15__uninit_fill_nIPSt6vectorIiSaIiEEmS4_EET_S6_T0_RKT1_]+0x78): undefined reference to `__cxa_end_catch'
/tmp/ccQG95h1.o: In function `__gnu_cxx::new_allocator<std::vector<int, std::allocator<int> > >::allocate(unsigned long, void const*)':
Q5.cpp:(.text._ZN9__gnu_cxx13new_allocatorISt6vectorIiSaIiEEE8allocateEmPKv[_ZN9__gnu_cxx13new_allocatorISt6vectorIiSaIiEEE8allocateEmPKv]+0x2c): undefined reference to `std::__throw_bad_alloc()'
Q5.cpp:(.text._ZN9__gnu_cxx13new_allocatorISt6vectorIiSaIiEEE8allocateEmPKv[_ZN9__gnu_cxx13new_allocatorISt6vectorIiSaIiEEE8allocateEmPKv]+0x45): undefined reference to `operator new(unsigned long)'
/tmp/ccQG95h1.o: In function `__gnu_cxx::new_allocator<int>::allocate(unsigned long, void const*)':
Q5.cpp:(.text._ZN9__gnu_cxx13new_allocatorIiE8allocateEmPKv[_ZN9__gnu_cxx13new_allocatorIiE8allocateEmPKv]+0x2c): undefined reference to `std::__throw_bad_alloc()'
Q5.cpp:(.text._ZN9__gnu_cxx13new_allocatorIiE8allocateEmPKv[_ZN9__gnu_cxx13new_allocatorIiE8allocateEmPKv]+0x3c): undefined reference to `operator new(unsigned long)'
/tmp/ccQG95h1.o: In function `std::vector<int, std::allocator<int> >* std::__uninitialized_copy<false>::__uninit_copy<std::move_iterator<std::vector<int, std::allocator<int> >*>, std::vector<int, std::allocator<int> >*>(std::move_iterator<std::vector<int, std::allocator<int> >*>, std::move_iterator<std::vector<int, std::allocator<int> >*>, std::vector<int, std::allocator<int> >*)':
Q5.cpp:(.text._ZNSt20__uninitialized_copyILb0EE13__uninit_copyISt13move_iteratorIPSt6vectorIiSaIiEEES6_EET0_T_S9_S8_[_ZNSt20__uninitialized_copyILb0EE13__uninit_copyISt13move_iteratorIPSt6vectorIiSaIiEEES6_EET0_T_S9_S8_]+0x77): undefined reference to `__cxa_begin_catch'
Q5.cpp:(.text._ZNSt20__uninitialized_copyILb0EE13__uninit_copyISt13move_iteratorIPSt6vectorIiSaIiEEES6_EET0_T_S9_S8_[_ZNSt20__uninitialized_copyILb0EE13__uninit_copyISt13move_iteratorIPSt6vectorIiSaIiEEES6_EET0_T_S9_S8_]+0x8f): undefined reference to `__cxa_rethrow'
Q5.cpp:(.text._ZNSt20__uninitialized_copyILb0EE13__uninit_copyISt13move_iteratorIPSt6vectorIiSaIiEEES6_EET0_T_S9_S8_[_ZNSt20__uninitialized_copyILb0EE13__uninit_copyISt13move_iteratorIPSt6vectorIiSaIiEEES6_EET0_T_S9_S8_]+0x97): undefined reference to `__cxa_end_catch'
/tmp/ccQG95h1.o: In function `int* std::vector<int, std::allocator<int> >::_M_allocate_and_copy<__gnu_cxx::__normal_iterator<int const*, std::vector<int, std::allocator<int> > > >(unsigned long, __gnu_cxx::__normal_iterator<int const*, std::vector<int, std::allocator<int> > >, __gnu_cxx::__normal_iterator<int const*, std::vector<int, std::allocator<int> > >)':
Q5.cpp:(.text._ZNSt6vectorIiSaIiEE20_M_allocate_and_copyIN9__gnu_cxx17__normal_iteratorIPKiS1_EEEEPimT_S9_[_ZNSt6vectorIiSaIiEE20_M_allocate_and_copyIN9__gnu_cxx17__normal_iteratorIPKiS1_EEEEPimT_S9_]+0x5d): undefined reference to `__cxa_begin_catch'
Q5.cpp:(.text._ZNSt6vectorIiSaIiEE20_M_allocate_and_copyIN9__gnu_cxx17__normal_iteratorIPKiS1_EEEEPimT_S9_[_ZNSt6vectorIiSaIiEE20_M_allocate_and_copyIN9__gnu_cxx17__normal_iteratorIPKiS1_EEEEPimT_S9_]+0x79): undefined reference to `__cxa_rethrow'
Q5.cpp:(.text._ZNSt6vectorIiSaIiEE20_M_allocate_and_copyIN9__gnu_cxx17__normal_iteratorIPKiS1_EEEEPimT_S9_[_ZNSt6vectorIiSaIiEE20_M_allocate_and_copyIN9__gnu_cxx17__normal_iteratorIPKiS1_EEEEPimT_S9_]+0x81): undefined reference to `__cxa_end_catch'
/tmp/ccQG95h1.o:(.eh_frame+0x6b): undefined reference to `__gxx_personality_v0'
collect2: error: ld returned 1 exit status
--------------------------------------------------------------------------
mpirun was unable to find the specified executable file, and therefore
did not launch the job.  This error was first reported for process
rank 0; it may have occurred for other processes as well.

NOTE: A common cause for this error is misspelling a mpirun command
      line parameter option (remember that mpirun interprets the first
      unrecognized command line token as the executable).

Node:       node02
Executable: a.out
--------------------------------------------------------------------------
8 total processes failed to start

real	0m0.052s
user	0m0.012s
sys	0m0.025s
