==========================================
SLURM_JOB_ID = 2450
SLURM_NODELIST = node02
SLURM_JOB_GPUS = 
==========================================
/tmp/ccTxGm4J.o: In function `__gnu_cxx::new_allocator<std::vector<int, std::allocator<int> > >::deallocate(std::vector<int, std::allocator<int> >*, unsigned long)':
Q5.cpp:(.text._ZN9__gnu_cxx13new_allocatorISt6vectorIiSaIiEEE10deallocateEPS3_m[_ZN9__gnu_cxx13new_allocatorISt6vectorIiSaIiEEE10deallocateEPS3_m]+0x1c): undefined reference to `operator delete(void*)'
/tmp/ccTxGm4J.o: In function `__gnu_cxx::new_allocator<int>::deallocate(int*, unsigned long)':
Q5.cpp:(.text._ZN9__gnu_cxx13new_allocatorIiE10deallocateEPim[_ZN9__gnu_cxx13new_allocatorIiE10deallocateEPim]+0x1c): undefined reference to `operator delete(void*)'
/tmp/ccTxGm4J.o:(.eh_frame+0x13): undefined reference to `__gxx_personality_v0'
collect2: error: ld returned 1 exit status
--------------------------------------------------------------------------
mpirun was unable to find the specified executable file, and therefore
did not launch the job.  This error was first reported for process
rank 0; it may have occurred for other processes as well.

NOTE: A common cause for this error is misspelling a mpirun command
      line parameter option (remember that mpirun interprets the first
      unrecognized command line token as the executable).

Node:       node02
Executable: a.out
--------------------------------------------------------------------------
8 total processes failed to start

real	0m0.049s
user	0m0.010s
sys	0m0.025s
