==========================================
SLURM_JOB_ID = 2454
SLURM_NODELIST = node02
SLURM_JOB_GPUS = 
==========================================
[node02:575209:0:575209] Caught signal 11 (Segmentation fault: address not mapped to object at address 0xdf78820)
==== backtrace (tid: 575209) ====
 0 0x0000000000055b73 ucs_debug_print_backtrace()  /build-result/src/hpcx-v2.7.0-gcc-MLNX_OFED_LINUX-5.1-0.6.6.0-redhat8.1-x86_64/ucx-v1.9.x/src/ucs/debug/debug.c:656
 1 0x0000000000012ce0 __funlockfile()  :0
 2 0x00000000004016ec std::vector<int, std::allocator<int> >::operator[]()  ???:0
 3 0x0000000000401298 main()  ???:0
 4 0x000000000003acf3 __libc_start_main()  ???:0
 5 0x0000000000400cde _start()  ???:0
=================================
[node02:575209] *** Process received signal ***
[node02:575209] Signal: Segmentation fault (11)
[node02:575209] Signal code:  (-6)
[node02:575209] Failing at address: 0x8040008c6e9
[node02:575209] [ 0] /lib64/libpthread.so.0(+0x12ce0)[0x1456b1c81ce0]
[node02:575209] [ 1] a.out[0x4016ec]
[node02:575209] [ 2] a.out[0x401298]
[node02:575209] [ 3] /lib64/libc.so.6(__libc_start_main+0xf3)[0x1456b18e3cf3]
[node02:575209] [ 4] a.out[0x400cde]
[node02:575209] *** End of error message ***
--------------------------------------------------------------------------
Primary job  terminated normally, but 1 process returned
a non-zero exit code. Per user-direction, the job has been aborted.
--------------------------------------------------------------------------
--------------------------------------------------------------------------
mpirun noticed that process rank 0 with PID 575209 on node node02 exited on signal 11 (Segmentation fault).
--------------------------------------------------------------------------

real	0m1.697s
user	0m0.132s
sys	0m0.537s
